{"C:\\Users\\usuario\\Desktop\\formulário\\js\\validador.js": {"path":"C:\\Users\\usuario\\Desktop\\formulário\\js\\validador.js","statementMap":{"0":{"start":{"line":2,"column":4},"end":{"line":2,"column":31}},"1":{"start":{"line":5,"column":0},"end":{"line":5,"column":36}}},"fnMap":{"0":{"name":"senhasConferem","decl":{"start":{"line":1,"column":9},"end":{"line":1,"column":23}},"loc":{"start":{"line":1,"column":42},"end":{"line":3,"column":1}},"line":1}},"branchMap":{},"s":{"0":2,"1":1},"f":{"0":2},"b":{},"_coverageSchema":"1a1c01bbd47fc00a2c39e90264f33305004495a9","hash":"eb5cdd3aae4be0ccae46ec4295889176f7bb8533"}
}
